name: run1
run_id: commands[0]
env COMSPEC: C:\WINDOWS\system32\cmd.exe
env NUMBER_OF_PROCESSORS: 4
env PATHEXT: .COM;.EXE;.BAT;.CMD;.VBS;.VBE;.JS;.JSE;.WSF;.WSH;.MSC;.CPL
env PROCESSOR_ARCHITECTURE: AMD64
env PROGRAMDATA: C:\ProgramData
env PROGRAMFILES: C:\Program Files
env PROGRAMFILES(X86): C:\Program Files (x86)
env SYSTEMDRIVE: C:
env SYSTEMROOT: C:\WINDOWS
env TEMP: C:\Users\Goutam\AppData\Local\Temp
env TMP: C:\Users\Goutam\AppData\Local\Temp
env USERPROFILE: C:\Users\Goutam
env LANG: en_US.UTF-8
env PATH: E:\jio_institute\quarter3\ML Ops\repo\check_ML-Ops\model-serving-api\house-prices-api\.tox\test_app\Scripts;c:\xampp\mysql\bin\;C:\Program Files\cURL\bin;C:\Program Files\Java\jdk1.8.0_201\bin;C:\Program Files (x86)\Common Files\Oracle\Java\javapath;C:\Program Files\MongoDB\Server\4.0\bin;C:\Program Files\Intel\WiFi\bin\;C:\Program Files\Common Files\Intel\WirelessCommon\;C:\Program Files\dotnet\;C:\WINDOWS\system32;C:\WINDOWS;C:\WINDOWS\System32\Wbem;C:\WINDOWS\System32\WindowsPowerShell\v1.0\;C:\WINDOWS\System32\OpenSSH\;C:\Users\Goutam\crime_detection\Lib\site-packages\cmake\data\bin\;C:\Users\Goutam\crime_detection\Lib\site-packages\boost_1_73_0;C:\Users\Goutam\crime_detection\Lib\site-packages\boost_1_73_0\stage\lib;C:\boost-build\bin;C:\Program Files (x86)\dotnet\;C:\Program Files\Microsoft SQL Server\130\Tools\Binn\;C:\Program Files\Microsoft SQL Server\Client SDK\ODBC\170\Tools\Binn\;C:\Program Files (x86)\Microsoft SQL Server\150\DTS\Binn\;C:\Program Files\NVIDIA Corporation\NVIDIA NvDLISR;C:\Program Files\Docker\Docker\resources\bin;C:\ProgramData\DockerDesktop\version-bin;C:\Program Files\Pandoc\;C:\Program Files\Git\cmd;C:\Program Files\MySQL\MySQL Shell 8.0\bin\;C:\Users\Goutam\AppData\Local\Programs\Python\Python311\;C:\Users\Goutam\AppData\Local\Programs\Python\Python311\Scripts\;C:\Users\Goutam\AppData\Local\Microsoft\WindowsApps;C:\Users\Goutam\AppData\Local\atom\bin;C:\Users\Goutam\AppData\Local\Programs\Microsoft VS Code\bin;C:\Users\Goutam\AppData\Local\Google\Cloud SDK\google-cloud-sdk\bin;
env PYTHONHASHSEED: 864
env PIP_DISABLE_PIP_VERSION_CHECK: 1
env PYTHONIOENCODING: utf-8
env PYTHONPATH: .
env TOX_ENV_NAME: run1
env TOX_WORK_DIR: E:\jio_institute\quarter3\ML Ops\repo\check_ML-Ops\model-serving-api\house-prices-api\.tox
env TOX_ENV_DIR: E:\jio_institute\quarter3\ML Ops\repo\check_ML-Ops\model-serving-api\house-prices-api\.tox\test_app
env VIRTUAL_ENV: E:\jio_institute\quarter3\ML Ops\repo\check_ML-Ops\model-serving-api\house-prices-api\.tox\test_app
env COLUMNS: 161
env LINES: 11
metadata pid: 3968
cwd: E:\jio_institute\quarter3\ML Ops\repo\check_ML-Ops\model-serving-api\house-prices-api
allow: E:\jio_institute\quarter3\ML Ops\repo\check_ML-Ops\model-serving-api\house-prices-api\.tox\test_app\Scripts\*
cmd: python app/main.py
exit_code: 0
INFO:     ::1:51729 - "GET / HTTP/1.1" 200 OK
INFO:     ::1:51729 - "GET /favicon.ico HTTP/1.1" 404 Not Found
INFO:     ::1:51729 - "GET /docs HTTP/1.1" 200 OK
INFO:     ::1:51729 - "GET /api/v1/openapi.json HTTP/1.1" 200 OK
INFO:     ::1:51751 - "POST /api/v1/predict HTTP/1.1" 200 OK
INFO:     ::1:51780 - "POST /api/v1/predict HTTP/1.1" 200 OK

standard error:
E:\jio_institute\quarter3\ML Ops\repo\check_ML-Ops\model-serving-api\house-prices-api\.tox\test_app\Lib\site-packages\sklearn\base.py:299: UserWarning: Trying to unpickle estimator Binarizer from version 1.2.0 when using version 1.2.1. This might lead to breaking code or invalid results. Use at your own risk. For more info please refer to:
https://scikit-learn.org/stable/model_persistence.html#security-maintainability-limitations
  warnings.warn(
E:\jio_institute\quarter3\ML Ops\repo\check_ML-Ops\model-serving-api\house-prices-api\.tox\test_app\Lib\site-packages\sklearn\base.py:299: UserWarning: Trying to unpickle estimator MinMaxScaler from version 1.2.0 when using version 1.2.1. This might lead to breaking code or invalid results. Use at your own risk. For more info please refer to:
https://scikit-learn.org/stable/model_persistence.html#security-maintainability-limitations
  warnings.warn(
E:\jio_institute\quarter3\ML Ops\repo\check_ML-Ops\model-serving-api\house-prices-api\.tox\test_app\Lib\site-packages\sklearn\base.py:299: UserWarning: Trying to unpickle estimator Lasso from version 1.2.0 when using version 1.2.1. This might lead to breaking code or invalid results. Use at your own risk. For more info please refer to:
https://scikit-learn.org/stable/model_persistence.html#security-maintainability-limitations
  warnings.warn(
E:\jio_institute\quarter3\ML Ops\repo\check_ML-Ops\model-serving-api\house-prices-api\.tox\test_app\Lib\site-packages\sklearn\base.py:299: UserWarning: Trying to unpickle estimator Pipeline from version 1.2.0 when using version 1.2.1. This might lead to breaking code or invalid results. Use at your own risk. For more info please refer to:
https://scikit-learn.org/stable/model_persistence.html#security-maintainability-limitations
  warnings.warn(
2023-02-18 11:58:44.323 | WARNING  | __main__:<module>:55 - Running in development mode. Do not run like this in production.
INFO:     Started server process [15236]
INFO:     Waiting for application startup.
INFO:     Application startup complete.
INFO:     Uvicorn running on http://localhost:8001 (Press CTRL+C to quit)
2023-02-18 12:01:52.367 | INFO     | app.api:predict:40 - Making prediction on inputs: [HouseDataInputSchema(Alley=None, BedroomAbvGr=2, BldgType='1Fam', BsmtCond='TA', BsmtExposure='No', BsmtFinSF1=468.0, BsmtFinSF2=144.0, BsmtFinType1='Rec', BsmtFinType2='LwQ', BsmtFullBath=0.0, BsmtHalfBath=0.0, BsmtQual='TA', BsmtUnfSF=270.0, CentralAir='Y', Condition1='Feedr', Condition2='Norm', Electrical='SBrkr', EnclosedPorch=0, ExterCond='TA', ExterQual='TA', Exterior1st='VinylSd', Exterior2nd='VinylSd', Fence='MnPrv', FireplaceQu=None, Fireplaces=0, Foundation='CBlock', FullBath=1, Functional='Typ', GarageArea=730.0, GarageCars=1.0, GarageCond='TA', GarageFinish='Unf', GarageQual='TA', GarageType='Attchd', GarageYrBlt=1961.0, GrLivArea=896, HalfBath=0, Heating='GasA', HeatingQC='TA', HouseStyle='1Story', Id=None, KitchenAbvGr=1, KitchenQual='TA', LandContour='Lvl', LandSlope='Gtl', LotArea=11622, LotConfig='Inside', LotFrontage=80.0, LotShape='Reg', LowQualFinSF=0, MSSubClass=20, MSZoning='RH', MasVnrArea=0.0, MasVnrType='None', MiscFeature=None, MiscVal=0, MoSold=6, Neighborhood='NAmes', OpenPorchSF=0, OverallCond=6, OverallQual=5, PavedDrive='Y', PoolArea=0, PoolQC=None, RoofMatl='CompShg', RoofStyle='Gable', SaleCondition='Normal', SaleType='WD', ScreenPorch=120, Street='Pave', TotRmsAbvGrd=5, TotalBsmtSF=882.0, Utilities='AllPub', WoodDeckSF=140, YearBuilt=1961, YearRemodAdd=1961, YrSold=2010, FirstFlrSF=896, SecondFlrSF=0, ThreeSsnPortch=0)]
2023-02-18 12:01:52.619 | INFO     | app.api:predict:47 - Prediction results: [113422.55344864173]
2023-02-18 12:06:59.978 | INFO     | app.api:predict:40 - Making prediction on inputs: [HouseDataInputSchema(Alley=None, BedroomAbvGr=2, BldgType='1Fam', BsmtCond='TA', BsmtExposure='No', BsmtFinSF1=468.0, BsmtFinSF2=144.0, BsmtFinType1='Rec', BsmtFinType2='LwQ', BsmtFullBath=0.0, BsmtHalfBath=0.0, BsmtQual='TA', BsmtUnfSF=270.0, CentralAir='Y', Condition1='Feedr', Condition2='Norm', Electrical='SBrkr', EnclosedPorch=0, ExterCond='TA', ExterQual='TA', Exterior1st='VinylSd', Exterior2nd='VinylSd', Fence='MnPrv', FireplaceQu=None, Fireplaces=0, Foundation='CBlock', FullBath=1, Functional='Typ', GarageArea=730.0, GarageCars=1.0, GarageCond='TA', GarageFinish='Unf', GarageQual='TA', GarageType='Attchd', GarageYrBlt=1961.0, GrLivArea=896, HalfBath=0, Heating='GasA', HeatingQC='TA', HouseStyle='1Story', Id=None, KitchenAbvGr=1, KitchenQual='TA', LandContour='Lvl', LandSlope='Gtl', LotArea=31622, LotConfig='Inside', LotFrontage=80.0, LotShape='Reg', LowQualFinSF=0, MSSubClass=20, MSZoning='RH', MasVnrArea=0.0, MasVnrType='None', MiscFeature=None, MiscVal=0, MoSold=6, Neighborhood='NAmes', OpenPorchSF=0, OverallCond=6, OverallQual=5, PavedDrive='Y', PoolArea=0, PoolQC=None, RoofMatl='CompShg', RoofStyle='Gable', SaleCondition='Normal', SaleType='WD', ScreenPorch=120, Street='Pave', TotRmsAbvGrd=5, TotalBsmtSF=882.0, Utilities='AllPub', WoodDeckSF=140, YearBuilt=2000, YearRemodAdd=2000, YrSold=2010, FirstFlrSF=896, SecondFlrSF=0, ThreeSsnPortch=0)]
2023-02-18 12:07:00.176 | INFO     | app.api:predict:47 - Prediction results: [114876.09223047842]
INFO:     Shutting down
INFO:     Waiting for application shutdown.
INFO:     Application shutdown complete.
INFO:     Finished server process [15236]
